namoNamoApp/build/outputs/logs/manifest-merger-debug-report.txt
-- Merging decision tree log ---
manifest
ADDED from src\main\AndroidManifest.xml:2:1-399:12
	package
		ADDED from src\main\AndroidManifest.xml:3:5-30
		INJECTED from src\main\AndroidManifest.xml
		INJECTED from src\main\AndroidManifest.xml
	android:versionName
		ADDED from src\main\AndroidManifest.xml:5:5-33
		INJECTED from src\main\AndroidManifest.xml
		INJECTED from src\main\AndroidManifest.xml
	android:versionCode
		ADDED from src\main\AndroidManifest.xml:4:5-29
		INJECTED from src\main\AndroidManifest.xml
		INJECTED from src\main\AndroidManifest.xml
	xmlns:android
		ADDED from src\main\AndroidManifest.xml:2:11-69
uses-sdk
ADDED from src\main\AndroidManifest.xml:7:5-9:41
MERGED from [com.android.support:multidex:1.0.1] AndroidManifest.xml:18:5-42
MERGED from [yaxim4:emojiconKeyboard:unspecified] AndroidManifest.xml:5:5-7:41
MERGED from [com.android.support:support-v4:23.1.1] AndroidManifest.xml:20:5-43
MERGED from [com.android.support:appcompat-v7:23.1.1] AndroidManifest.xml:20:5-43
MERGED from [com.android.support:support-v4:23.1.1] AndroidManifest.xml:20:5-43
MERGED from [com.android.support:recyclerview-v7:23.1.1] AndroidManifest.xml:20:5-43
MERGED from [com.android.support:support-v4:23.1.1] AndroidManifest.xml:20:5-43
MERGED from [com.android.support:design:23.1.1] AndroidManifest.xml:20:5-43
MERGED from [com.android.support:appcompat-v7:23.1.1] AndroidManifest.xml:20:5-43
MERGED from [com.android.support:support-v4:23.1.1] AndroidManifest.xml:20:5-43
MERGED from [com.android.support:recyclerview-v7:23.1.1] AndroidManifest.xml:20:5-43
MERGED from [com.android.support:support-v4:23.1.1] AndroidManifest.xml:20:5-43
MERGED from [com.android.support:support-v4:23.1.1] AndroidManifest.xml:20:5-43
MERGED from [de.hdodenhof:circleimageview:1.3.0] AndroidManifest.xml:5:5-7:41
MERGED from [com.android.support:cardview-v7:22.2.1] AndroidManifest.xml:20:5-43
MERGED from [com.viewpagerindicator:library:2.4.1] AndroidManifest.xml:3:5-42
MERGED from [com.amulyakhare:com.amulyakhare.textdrawable:1.0.1] AndroidManifest.xml:8:5-10:41
MERGED from [com.miguelcatalan:materialsearchview:1.4.0] AndroidManifest.xml:7:5-9:41
MERGED from [com.android.support:appcompat-v7:23.1.1] AndroidManifest.xml:20:5-43
MERGED from [com.android.support:support-v4:23.1.1] AndroidManifest.xml:20:5-43
MERGED from [com.android.support:design:23.1.1] AndroidManifest.xml:20:5-43
MERGED from [com.android.support:appcompat-v7:23.1.1] AndroidManifest.xml:20:5-43
MERGED from [com.android.support:support-v4:23.1.1] AndroidManifest.xml:20:5-43
MERGED from [com.android.support:recyclerview-v7:23.1.1] AndroidManifest.xml:20:5-43
MERGED from [com.android.support:support-v4:23.1.1] AndroidManifest.xml:20:5-43
MERGED from [com.android.support:support-v4:23.1.1] AndroidManifest.xml:20:5-43
MERGED from [yaxim4:progressviewslib:1.0] AndroidManifest.xml:7:5-9:41
MERGED from [com.github.clans:fab:1.6.2] AndroidManifest.xml:8:5-10:41
MERGED from [com.google.firebase:firebase-core:9.0.0] AndroidManifest.xml:4:5-42
MERGED from [com.google.firebase:firebase-analytics:9.0.0] AndroidManifest.xml:18:5-42
MERGED from [com.google.android.gms:play-services-basement:9.0.0] AndroidManifest.xml:18:5-42
MERGED from [com.android.support:support-v4:23.1.1] AndroidManifest.xml:20:5-43
MERGED from [com.google.firebase:firebase-common:9.0.0] AndroidManifest.xml:4:5-43
MERGED from [com.google.android.gms:play-services-basement:9.0.0] AndroidManifest.xml:18:5-42
MERGED from [com.android.support:support-v4:23.1.1] AndroidManifest.xml:20:5-43
MERGED from [com.google.android.gms:play-services-tasks:9.0.0] AndroidManifest.xml:4:5-43
MERGED from [com.google.android.gms:play-services-basement:9.0.0] AndroidManifest.xml:18:5-42
MERGED from [com.android.support:support-v4:23.1.1] AndroidManifest.xml:20:5-43
MERGED from [com.google.firebase:firebase-analytics-impl:9.0.0] AndroidManifest.xml:18:5-42
MERGED from [com.google.android.gms:play-services-base:9.0.0] AndroidManifest.xml:18:5-42
MERGED from [com.google.android.gms:play-services-basement:9.0.0] AndroidManifest.xml:18:5-42
MERGED from [com.android.support:support-v4:23.1.1] AndroidManifest.xml:20:5-43
MERGED from [com.google.firebase:firebase-common:9.0.0] AndroidManifest.xml:4:5-43
MERGED from [com.google.android.gms:play-services-basement:9.0.0] AndroidManifest.xml:18:5-42
MERGED from [com.android.support:support-v4:23.1.1] AndroidManifest.xml:20:5-43
MERGED from [com.google.android.gms:play-services-tasks:9.0.0] AndroidManifest.xml:4:5-43
MERGED from [com.google.android.gms:play-services-basement:9.0.0] AndroidManifest.xml:18:5-42
MERGED from [com.android.support:support-v4:23.1.1] AndroidManifest.xml:20:5-43
MERGED from [com.google.android.gms:play-services-tasks:9.0.0] AndroidManifest.xml:4:5-43
MERGED from [com.google.android.gms:play-services-basement:9.0.0] AndroidManifest.xml:18:5-42
MERGED from [com.android.support:support-v4:23.1.1] AndroidManifest.xml:20:5-43
MERGED from [com.google.android.gms:play-services-basement:9.0.0] AndroidManifest.xml:18:5-42
MERGED from [com.android.support:support-v4:23.1.1] AndroidManifest.xml:20:5-43
MERGED from [com.google.firebase:firebase-iid:9.0.0] AndroidManifest.xml:18:5-42
MERGED from [com.google.android.gms:play-services-basement:9.0.0] AndroidManifest.xml:18:5-42
MERGED from [com.android.support:support-v4:23.1.1] AndroidManifest.xml:20:5-43
MERGED from [com.google.firebase:firebase-common:9.0.0] AndroidManifest.xml:4:5-43
MERGED from [com.google.android.gms:play-services-basement:9.0.0] AndroidManifest.xml:18:5-42
MERGED from [com.android.support:support-v4:23.1.1] AndroidManifest.xml:20:5-43
MERGED from [com.google.android.gms:play-services-tasks:9.0.0] AndroidManifest.xml:4:5-43
MERGED from [com.google.android.gms:play-services-basement:9.0.0] AndroidManifest.xml:18:5-42
MERGED from [com.android.support:support-v4:23.1.1] AndroidManifest.xml:20:5-43
MERGED from [com.google.firebase:firebase-common:9.0.0] AndroidManifest.xml:4:5-43
MERGED from [com.google.android.gms:play-services-basement:9.0.0] AndroidManifest.xml:18:5-42
MERGED from [com.android.support:support-v4:23.1.1] AndroidManifest.xml:20:5-43
MERGED from [com.google.android.gms:play-services-tasks:9.0.0] AndroidManifest.xml:4:5-43
MERGED from [com.google.android.gms:play-services-basement:9.0.0] AndroidManifest.xml:18:5-42
MERGED from [com.android.support:support-v4:23.1.1] AndroidManifest.xml:20:5-43
MERGED from [com.google.firebase:firebase-messaging:9.0.0] AndroidManifest.xml:18:5-42
MERGED from [com.google.android.gms:play-services-basement:9.0.0] AndroidManifest.xml:18:5-42
MERGED from [com.android.support:support-v4:23.1.1] AndroidManifest.xml:20:5-43
MERGED from [com.google.firebase:firebase-iid:9.0.0] AndroidManifest.xml:18:5-42
MERGED from [com.google.android.gms:play-services-basement:9.0.0] AndroidManifest.xml:18:5-42
MERGED from [com.android.support:support-v4:23.1.1] AndroidManifest.xml:20:5-43
MERGED from [com.google.firebase:firebase-common:9.0.0] AndroidManifest.xml:4:5-43
MERGED from [com.google.android.gms:play-services-basement:9.0.0] AndroidManifest.xml:18:5-42
MERGED from [com.android.support:support-v4:23.1.1] AndroidManifest.xml:20:5-43
MERGED from [com.google.android.gms:play-services-tasks:9.0.0] AndroidManifest.xml:4:5-43
MERGED from [com.google.android.gms:play-services-basement:9.0.0] AndroidManifest.xml:18:5-42
MERGED from [com.android.support:support-v4:23.1.1] AndroidManifest.xml:20:5-43
MERGED from [com.google.firebase:firebase-common:9.0.0] AndroidManifest.xml:4:5-43
MERGED from [com.google.android.gms:play-services-basement:9.0.0] AndroidManifest.xml:18:5-42
MERGED from [com.android.support:support-v4:23.1.1] AndroidManifest.xml:20:5-43
MERGED from [com.google.android.gms:play-services-tasks:9.0.0] AndroidManifest.xml:4:5-43
MERGED from [com.google.android.gms:play-services-basement:9.0.0] AndroidManifest.xml:18:5-42
MERGED from [com.android.support:support-v4:23.1.1] AndroidManifest.xml:20:5-43
MERGED from [com.google.android.gms:play-services-maps:9.0.0] AndroidManifest.xml:26:5-42
MERGED from [com.google.android.gms:play-services-base:9.0.0] AndroidManifest.xml:18:5-42
MERGED from [com.google.android.gms:play-services-basement:9.0.0] AndroidManifest.xml:18:5-42
MERGED from [com.android.support:support-v4:23.1.1] AndroidManifest.xml:20:5-43
MERGED from [com.google.firebase:firebase-common:9.0.0] AndroidManifest.xml:4:5-43
MERGED from [com.google.android.gms:play-services-basement:9.0.0] AndroidManifest.xml:18:5-42
MERGED from [com.android.support:support-v4:23.1.1] AndroidManifest.xml:20:5-43
MERGED from [com.google.android.gms:play-services-tasks:9.0.0] AndroidManifest.xml:4:5-43
MERGED from [com.google.android.gms:play-services-basement:9.0.0] AndroidManifest.xml:18:5-42
MERGED from [com.android.support:support-v4:23.1.1] AndroidManifest.xml:20:5-43
MERGED from [com.google.android.gms:play-services-tasks:9.0.0] AndroidManifest.xml:4:5-43
MERGED from [com.google.android.gms:play-services-basement:9.0.0] AndroidManifest.xml:18:5-42
MERGED from [com.android.support:support-v4:23.1.1] AndroidManifest.xml:20:5-43
MERGED from [com.google.android.gms:play-services-basement:9.0.0] AndroidManifest.xml:18:5-42
MERGED from [com.android.support:support-v4:23.1.1] AndroidManifest.xml:20:5-43
	android:targetSdkVersion
		ADDED from src\main\AndroidManifest.xml:9:9-38
		INJECTED from src\main\AndroidManifest.xml
		INJECTED from src\main\AndroidManifest.xml
	android:minSdkVersion
		ADDED from src\main\AndroidManifest.xml:8:9-35
		INJECTED from src\main\AndroidManifest.xml
		INJECTED from src\main\AndroidManifest.xml
uses-feature#0x00020000
ADDED from src\main\AndroidManifest.xml:11:5-13:35
MERGED from [com.google.android.gms:play-services-maps:9.0.0] AndroidManifest.xml:22:5-24:33
	android:glEsVersion
		ADDED from src\main\AndroidManifest.xml:12:9-41
	android:required
		ADDED from src\main\AndroidManifest.xml:13:9-32
uses-permission#android.permission.ACCESS_NETWORK_STATE
ADDED from src\main\AndroidManifest.xml:15:5-79
MERGED from [com.google.firebase:firebase-analytics:9.0.0] AndroidManifest.xml:22:5-79
MERGED from [com.google.firebase:firebase-analytics-impl:9.0.0] AndroidManifest.xml:22:5-79
MERGED from [com.google.firebase:firebase-iid:9.0.0] AndroidManifest.xml:20:5-79
MERGED from [com.google.firebase:firebase-iid:9.0.0] AndroidManifest.xml:20:5-79
MERGED from [com.google.android.gms:play-services-maps:9.0.0] AndroidManifest.xml:20:5-78
	android:name
		ADDED from src\main\AndroidManifest.xml:15:22-76
uses-permission#android.permission.INTERNET
ADDED from src\main\AndroidManifest.xml:16:5-67
MERGED from [com.google.firebase:firebase-analytics:9.0.0] AndroidManifest.xml:21:5-67
MERGED from [com.google.firebase:firebase-analytics-impl:9.0.0] AndroidManifest.xml:21:5-67
MERGED from [com.google.firebase:firebase-iid:9.0.0] AndroidManifest.xml:21:5-67
MERGED from [com.google.firebase:firebase-iid:9.0.0] AndroidManifest.xml:21:5-67
MERGED from [com.google.android.gms:play-services-maps:9.0.0] AndroidManifest.xml:21:5-66
	android:name
		ADDED from src\main\AndroidManifest.xml:16:22-64
uses-permission#android.permission.VIBRATE
ADDED from src\main\AndroidManifest.xml:17:5-66
	android:name
		ADDED from src\main\AndroidManifest.xml:17:22-63
uses-permission#android.permission.WAKE_LOCK
ADDED from src\main\AndroidManifest.xml:18:5-68
MERGED from [com.google.firebase:firebase-analytics:9.0.0] AndroidManifest.xml:24:5-67
MERGED from [com.google.firebase:firebase-analytics-impl:9.0.0] AndroidManifest.xml:24:5-67
MERGED from [com.google.firebase:firebase-iid:9.0.0] AndroidManifest.xml:22:5-68
MERGED from [com.google.firebase:firebase-iid:9.0.0] AndroidManifest.xml:22:5-68
	android:name
		ADDED from src\main\AndroidManifest.xml:18:22-65
uses-permission#android.permission.RECEIVE_SMS
ADDED from src\main\AndroidManifest.xml:19:5-70
	android:name
		ADDED from src\main\AndroidManifest.xml:19:22-67
uses-permission#android.permission.WRITE_CONTACTS
ADDED from src\main\AndroidManifest.xml:20:5-73
	android:name
		ADDED from src\main\AndroidManifest.xml:20:22-70
uses-permission#android.permission.READ_SMS
ADDED from src\main\AndroidManifest.xml:21:5-67
	android:name
		ADDED from src\main\AndroidManifest.xml:21:22-64
uses-permission#android.permission.CALL_PHONE
ADDED from src\main\AndroidManifest.xml:22:5-69
	android:name
		ADDED from src\main\AndroidManifest.xml:22:22-66
uses-permission#android.permission.READ_EXTERNAL_STORAGE
ADDED from src\main\AndroidManifest.xml:24:5-80
	android:name
		ADDED from src\main\AndroidManifest.xml:24:22-77
uses-permission#android.permission.WRITE_EXTERNAL_STORAGE
ADDED from src\main\AndroidManifest.xml:25:5-81
	android:name
		ADDED from src\main\AndroidManifest.xml:25:22-78
uses-permission#android.permission.READ_CONTACTS
ADDED from src\main\AndroidManifest.xml:26:5-72
	android:name
		ADDED from src\main\AndroidManifest.xml:26:22-69
uses-permission#android.permission.CAMERA
ADDED from src\main\AndroidManifest.xml:28:5-65
	android:name
		ADDED from src\main\AndroidManifest.xml:28:22-62
uses-feature#android.hardware.camera
ADDED from src\main\AndroidManifest.xml:30:5-60
	android:name
		ADDED from src\main\AndroidManifest.xml:30:19-57
uses-permission#android.permission.GET_ACCOUNTS
ADDED from src\main\AndroidManifest.xml:36:5-71
	android:name
		ADDED from src\main\AndroidManifest.xml:36:22-68
permission#com.hiihello.app.permission.C2D_MESSAGE
ADDED from src\main\AndroidManifest.xml:42:5-44:47
MERGED from [com.google.firebase:firebase-iid:9.0.0] AndroidManifest.xml:25:5-26:47
MERGED from [com.google.firebase:firebase-iid:9.0.0] AndroidManifest.xml:25:5-26:47
	android:protectionLevel
		ADDED from src\main\AndroidManifest.xml:44:9-44
	android:name
		ADDED from src\main\AndroidManifest.xml:43:9-63
uses-permission#com.hiihello.app.permission.C2D_MESSAGE
ADDED from src\main\AndroidManifest.xml:46:5-79
MERGED from [com.google.firebase:firebase-iid:9.0.0] AndroidManifest.xml:28:5-79
MERGED from [com.google.firebase:firebase-iid:9.0.0] AndroidManifest.xml:28:5-79
	android:name
		ADDED from src\main\AndroidManifest.xml:46:22-76
uses-permission#com.google.android.c2dm.permission.RECEIVE
ADDED from src\main\AndroidManifest.xml:49:5-82
MERGED from [com.google.firebase:firebase-iid:9.0.0] AndroidManifest.xml:23:5-82
MERGED from [com.google.firebase:firebase-iid:9.0.0] AndroidManifest.xml:23:5-82
	android:name
		ADDED from src\main\AndroidManifest.xml:49:22-79
uses-permission#android.permission.ACCESS_COARSE_LOCATION
ADDED from src\main\AndroidManifest.xml:57:5-81
	android:name
		ADDED from src\main\AndroidManifest.xml:57:22-78
uses-permission#android.permission.ACCESS_FINE_LOCATION
ADDED from src\main\AndroidManifest.xml:58:5-79
	android:name
		ADDED from src\main\AndroidManifest.xml:58:22-76
uses-permission#android.permission.RECORD_AUDIO
ADDED from src\main\AndroidManifest.xml:59:5-71
	android:name
		ADDED from src\main\AndroidManifest.xml:59:22-68
permission#com.hihello.app.permission.MAPS_RECEIVE
ADDED from src\main\AndroidManifest.xml:61:5-63:47
	android:protectionLevel
		ADDED from src\main\AndroidManifest.xml:63:9-44
	android:name
		ADDED from src\main\AndroidManifest.xml:62:9-63
uses-permission#com.hihello.app.permission.MAPS_RECEIVE
ADDED from src\main\AndroidManifest.xml:65:5-79
	android:name
		ADDED from src\main\AndroidManifest.xml:65:22-76
android:uses-permission#android.permission.READ_PHONE_STATE
ADDED from src\main\AndroidManifest.xml:67:5-83
	android:name
		ADDED from src\main\AndroidManifest.xml:67:30-80
application
ADDED from src\main\AndroidManifest.xml:69:5-397:19
MERGED from [yaxim4:emojiconKeyboard:unspecified] AndroidManifest.xml:9:5-12:19
MERGED from [com.android.support:support-v4:23.1.1] AndroidManifest.xml:22:5-20
MERGED from [com.android.support:appcompat-v7:23.1.1] AndroidManifest.xml:22:5-20
MERGED from [com.android.support:support-v4:23.1.1] AndroidManifest.xml:22:5-20
MERGED from [com.android.support:support-v4:23.1.1] AndroidManifest.xml:22:5-20
MERGED from [com.android.support:design:23.1.1] AndroidManifest.xml:22:5-20
MERGED from [com.android.support:appcompat-v7:23.1.1] AndroidManifest.xml:22:5-20
MERGED from [com.android.support:support-v4:23.1.1] AndroidManifest.xml:22:5-20
MERGED from [com.android.support:support-v4:23.1.1] AndroidManifest.xml:22:5-20
MERGED from [com.android.support:support-v4:23.1.1] AndroidManifest.xml:22:5-20
MERGED from [de.hdodenhof:circleimageview:1.3.0] AndroidManifest.xml:9:5-20
MERGED from [com.android.support:cardview-v7:22.2.1] AndroidManifest.xml:22:5-20
MERGED from [com.amulyakhare:com.amulyakhare.textdrawable:1.0.1] AndroidManifest.xml:12:5-20
MERGED from [com.miguelcatalan:materialsearchview:1.4.0] AndroidManifest.xml:11:5-20
MERGED from [com.android.support:appcompat-v7:23.1.1] AndroidManifest.xml:22:5-20
MERGED from [com.android.support:support-v4:23.1.1] AndroidManifest.xml:22:5-20
MERGED from [com.android.support:design:23.1.1] AndroidManifest.xml:22:5-20
MERGED from [com.android.support:appcompat-v7:23.1.1] AndroidManifest.xml:22:5-20
MERGED from [com.android.support:support-v4:23.1.1] AndroidManifest.xml:22:5-20
MERGED from [com.android.support:support-v4:23.1.1] AndroidManifest.xml:22:5-20
MERGED from [com.android.support:support-v4:23.1.1] AndroidManifest.xml:22:5-20
MERGED from [yaxim4:progressviewslib:1.0] AndroidManifest.xml:11:5-14:19
MERGED from [com.github.clans:fab:1.6.2] AndroidManifest.xml:12:5-20
MERGED from [com.google.firebase:firebase-core:9.0.0] AndroidManifest.xml:5:5-20
MERGED from [com.google.firebase:firebase-analytics:9.0.0] AndroidManifest.xml:26:5-41:19
MERGED from [com.google.android.gms:play-services-basement:9.0.0] AndroidManifest.xml:20:5-24:19
MERGED from [com.android.support:support-v4:23.1.1] AndroidManifest.xml:22:5-20
MERGED from [com.google.firebase:firebase-common:9.0.0] AndroidManifest.xml:5:5-12:19
MERGED from [com.google.android.gms:play-services-basement:9.0.0] AndroidManifest.xml:20:5-24:19
MERGED from [com.android.support:support-v4:23.1.1] AndroidManifest.xml:22:5-20
MERGED from [com.google.android.gms:play-services-tasks:9.0.0] AndroidManifest.xml:5:5-20
MERGED from [com.google.android.gms:play-services-basement:9.0.0] AndroidManifest.xml:20:5-24:19
MERGED from [com.android.support:support-v4:23.1.1] AndroidManifest.xml:22:5-20
MERGED from [com.google.firebase:firebase-analytics-impl:9.0.0] AndroidManifest.xml:26:5-41:19
MERGED from [com.google.android.gms:play-services-base:9.0.0] AndroidManifest.xml:19:5-23:19
MERGED from [com.google.android.gms:play-services-basement:9.0.0] AndroidManifest.xml:20:5-24:19
MERGED from [com.android.support:support-v4:23.1.1] AndroidManifest.xml:22:5-20
MERGED from [com.google.firebase:firebase-common:9.0.0] AndroidManifest.xml:5:5-12:19
MERGED from [com.google.android.gms:play-services-basement:9.0.0] AndroidManifest.xml:20:5-24:19
MERGED from [com.android.support:support-v4:23.1.1] AndroidManifest.xml:22:5-20
MERGED from [com.google.android.gms:play-services-tasks:9.0.0] AndroidManifest.xml:5:5-20
MERGED from [com.google.android.gms:play-services-basement:9.0.0] AndroidManifest.xml:20:5-24:19
MERGED from [com.android.support:support-v4:23.1.1] AndroidManifest.xml:22:5-20
MERGED from [com.google.android.gms:play-services-tasks:9.0.0] AndroidManifest.xml:5:5-20
MERGED from [com.google.android.gms:play-services-basement:9.0.0] AndroidManifest.xml:20:5-24:19
MERGED from [com.android.support:support-v4:23.1.1] AndroidManifest.xml:22:5-20
MERGED from [com.google.android.gms:play-services-basement:9.0.0] AndroidManifest.xml:20:5-24:19
MERGED from [com.android.support:support-v4:23.1.1] AndroidManifest.xml:22:5-20
MERGED from [com.google.firebase:firebase-iid:9.0.0] AndroidManifest.xml:30:5-59:19
MERGED from [com.google.android.gms:play-services-basement:9.0.0] AndroidManifest.xml:20:5-24:19
MERGED from [com.android.support:support-v4:23.1.1] AndroidManifest.xml:22:5-20
MERGED from [com.google.firebase:firebase-common:9.0.0] AndroidManifest.xml:5:5-12:19
MERGED from [com.google.android.gms:play-services-basement:9.0.0] AndroidManifest.xml:20:5-24:19
MERGED from [com.android.support:support-v4:23.1.1] AndroidManifest.xml:22:5-20
MERGED from [com.google.android.gms:play-services-tasks:9.0.0] AndroidManifest.xml:5:5-20
MERGED from [com.google.android.gms:play-services-basement:9.0.0] AndroidManifest.xml:20:5-24:19
MERGED from [com.android.support:support-v4:23.1.1] AndroidManifest.xml:22:5-20
MERGED from [com.google.firebase:firebase-common:9.0.0] AndroidManifest.xml:5:5-12:19
MERGED from [com.google.android.gms:play-services-basement:9.0.0] AndroidManifest.xml:20:5-24:19
MERGED from [com.android.support:support-v4:23.1.1] AndroidManifest.xml:22:5-20
MERGED from [com.google.android.gms:play-services-tasks:9.0.0] AndroidManifest.xml:5:5-20
MERGED from [com.google.android.gms:play-services-basement:9.0.0] AndroidManifest.xml:20:5-24:19
MERGED from [com.android.support:support-v4:23.1.1] AndroidManifest.xml:22:5-20
MERGED from [com.google.firebase:firebase-messaging:9.0.0] AndroidManifest.xml:20:5-32:19
MERGED from [com.google.android.gms:play-services-basement:9.0.0] AndroidManifest.xml:20:5-24:19
MERGED from [com.android.support:support-v4:23.1.1] AndroidManifest.xml:22:5-20
MERGED from [com.google.firebase:firebase-iid:9.0.0] AndroidManifest.xml:30:5-59:19
MERGED from [com.google.android.gms:play-services-basement:9.0.0] AndroidManifest.xml:20:5-24:19
MERGED from [com.android.support:support-v4:23.1.1] AndroidManifest.xml:22:5-20
MERGED from [com.google.firebase:firebase-common:9.0.0] AndroidManifest.xml:5:5-12:19
MERGED from [com.google.android.gms:play-services-basement:9.0.0] AndroidManifest.xml:20:5-24:19
MERGED from [com.android.support:support-v4:23.1.1] AndroidManifest.xml:22:5-20
MERGED from [com.google.android.gms:play-services-tasks:9.0.0] AndroidManifest.xml:5:5-20
MERGED from [com.google.android.gms:play-services-basement:9.0.0] AndroidManifest.xml:20:5-24:19
MERGED from [com.android.support:support-v4:23.1.1] AndroidManifest.xml:22:5-20
MERGED from [com.google.firebase:firebase-common:9.0.0] AndroidManifest.xml:5:5-12:19
MERGED from [com.google.android.gms:play-services-basement:9.0.0] AndroidManifest.xml:20:5-24:19
MERGED from [com.android.support:support-v4:23.1.1] AndroidManifest.xml:22:5-20
MERGED from [com.google.android.gms:play-services-tasks:9.0.0] AndroidManifest.xml:5:5-20
MERGED from [com.google.android.gms:play-services-basement:9.0.0] AndroidManifest.xml:20:5-24:19
MERGED from [com.android.support:support-v4:23.1.1] AndroidManifest.xml:22:5-20
MERGED from [com.google.android.gms:play-services-maps:9.0.0] AndroidManifest.xml:27:5-20
MERGED from [com.google.android.gms:play-services-base:9.0.0] AndroidManifest.xml:19:5-23:19
MERGED from [com.google.android.gms:play-services-basement:9.0.0] AndroidManifest.xml:20:5-24:19
MERGED from [com.android.support:support-v4:23.1.1] AndroidManifest.xml:22:5-20
MERGED from [com.google.firebase:firebase-common:9.0.0] AndroidManifest.xml:5:5-12:19
MERGED from [com.google.android.gms:play-services-basement:9.0.0] AndroidManifest.xml:20:5-24:19
MERGED from [com.android.support:support-v4:23.1.1] AndroidManifest.xml:22:5-20
MERGED from [com.google.android.gms:play-services-tasks:9.0.0] AndroidManifest.xml:5:5-20
MERGED from [com.google.android.gms:play-services-basement:9.0.0] AndroidManifest.xml:20:5-24:19
MERGED from [com.android.support:support-v4:23.1.1] AndroidManifest.xml:22:5-20
MERGED from [com.google.android.gms:play-services-tasks:9.0.0] AndroidManifest.xml:5:5-20
MERGED from [com.google.android.gms:play-services-basement:9.0.0] AndroidManifest.xml:20:5-24:19
MERGED from [com.android.support:support-v4:23.1.1] AndroidManifest.xml:22:5-20
MERGED from [com.google.android.gms:play-services-basement:9.0.0] AndroidManifest.xml:20:5-24:19
MERGED from [com.android.support:support-v4:23.1.1] AndroidManifest.xml:22:5-20
	android:label
		ADDED from src\main\AndroidManifest.xml:72:9-41
	android:supportsRtl
		ADDED from src\main\AndroidManifest.xml:74:9-35
	android:icon
		ADDED from src\main\AndroidManifest.xml:71:9-43
	android:largeHeap
		ADDED from src\main\AndroidManifest.xml:73:9-33
	android:allowBackup
		ADDED from [yaxim4:emojiconKeyboard:unspecified] AndroidManifest.xml:10:9-35
	android:theme
		ADDED from src\main\AndroidManifest.xml:75:9-40
	android:name
		ADDED from src\main\AndroidManifest.xml:70:9-47
meta-data#com.google.android.maps.v2.API_KEY
ADDED from src\main\AndroidManifest.xml:76:9-78:71
	android:value
		ADDED from src\main\AndroidManifest.xml:78:13-68
	android:name
		ADDED from src\main\AndroidManifest.xml:77:13-62
meta-data#com.google.android.gms.version
ADDED from src\main\AndroidManifest.xml:79:9-81:69
MERGED from [com.google.android.gms:play-services-basement:9.0.0] AndroidManifest.xml:21:9-23:69
MERGED from [com.google.android.gms:play-services-basement:9.0.0] AndroidManifest.xml:21:9-23:69
MERGED from [com.google.android.gms:play-services-basement:9.0.0] AndroidManifest.xml:21:9-23:69
MERGED from [com.google.android.gms:play-services-basement:9.0.0] AndroidManifest.xml:21:9-23:69
MERGED from [com.google.android.gms:play-services-basement:9.0.0] AndroidManifest.xml:21:9-23:69
MERGED from [com.google.android.gms:play-services-basement:9.0.0] AndroidManifest.xml:21:9-23:69
MERGED from [com.google.android.gms:play-services-basement:9.0.0] AndroidManifest.xml:21:9-23:69
MERGED from [com.google.android.gms:play-services-basement:9.0.0] AndroidManifest.xml:21:9-23:69
MERGED from [com.google.android.gms:play-services-basement:9.0.0] AndroidManifest.xml:21:9-23:69
MERGED from [com.google.android.gms:play-services-basement:9.0.0] AndroidManifest.xml:21:9-23:69
MERGED from [com.google.android.gms:play-services-basement:9.0.0] AndroidManifest.xml:21:9-23:69
MERGED from [com.google.android.gms:play-services-basement:9.0.0] AndroidManifest.xml:21:9-23:69
MERGED from [com.google.android.gms:play-services-basement:9.0.0] AndroidManifest.xml:21:9-23:69
MERGED from [com.google.android.gms:play-services-basement:9.0.0] AndroidManifest.xml:21:9-23:69
MERGED from [com.google.android.gms:play-services-basement:9.0.0] AndroidManifest.xml:21:9-23:69
MERGED from [com.google.android.gms:play-services-basement:9.0.0] AndroidManifest.xml:21:9-23:69
MERGED from [com.google.android.gms:play-services-basement:9.0.0] AndroidManifest.xml:21:9-23:69
MERGED from [com.google.android.gms:play-services-basement:9.0.0] AndroidManifest.xml:21:9-23:69
MERGED from [com.google.android.gms:play-services-basement:9.0.0] AndroidManifest.xml:21:9-23:69
MERGED from [com.google.android.gms:play-services-basement:9.0.0] AndroidManifest.xml:21:9-23:69
MERGED from [com.google.android.gms:play-services-basement:9.0.0] AndroidManifest.xml:21:9-23:69
MERGED from [com.google.android.gms:play-services-basement:9.0.0] AndroidManifest.xml:21:9-23:69
MERGED from [com.google.android.gms:play-services-basement:9.0.0] AndroidManifest.xml:21:9-23:69
MERGED from [com.google.android.gms:play-services-basement:9.0.0] AndroidManifest.xml:21:9-23:69
	android:value
		ADDED from src\main\AndroidManifest.xml:81:13-66
	android:name
		ADDED from src\main\AndroidManifest.xml:80:13-58
activity#com.hihello.androidclient.chat.ChatWindow
ADDED from src\main\AndroidManifest.xml:117:9-123:20
	android:windowSoftInputMode
		ADDED from src\main\AndroidManifest.xml:122:13-65
	android:configChanges
		ADDED from src\main\AndroidManifest.xml:120:13-74
	android:alwaysRetainTaskState
		ADDED from src\main\AndroidManifest.xml:119:13-49
	android:theme
		ADDED from src\main\AndroidManifest.xml:121:13-45
	android:name
		ADDED from src\main\AndroidManifest.xml:118:13-69
activity#com.hihello.androidclient.chat.ChatWindow2
ADDED from src\main\AndroidManifest.xml:124:9-130:20
	android:windowSoftInputMode
		ADDED from src\main\AndroidManifest.xml:129:13-65
	android:configChanges
		ADDED from src\main\AndroidManifest.xml:127:13-74
	android:alwaysRetainTaskState
		ADDED from src\main\AndroidManifest.xml:126:13-49
	android:theme
		ADDED from src\main\AndroidManifest.xml:128:13-45
	android:name
		ADDED from src\main\AndroidManifest.xml:125:13-70
activity#com.hihello.app.activity.PhoneDirectory
ADDED from src\main\AndroidManifest.xml:132:9-135:25
	android:label
		ADDED from src\main\AndroidManifest.xml:134:13-44
	android:theme
		ADDED from src\main\AndroidManifest.xml:133:13-69
	android:name
		ADDED from src\main\AndroidManifest.xml:132:19-58
activity#com.hihello.androidclient.chat.OldChat
ADDED from src\main\AndroidManifest.xml:136:9-143:20
	android:label
		ADDED from src\main\AndroidManifest.xml:140:13-45
	android:windowSoftInputMode
		ADDED from src\main\AndroidManifest.xml:142:13-54
	android:configChanges
		ADDED from src\main\AndroidManifest.xml:139:13-74
	android:alwaysRetainTaskState
		ADDED from src\main\AndroidManifest.xml:138:13-49
	android:theme
		ADDED from src\main\AndroidManifest.xml:141:13-71
	android:name
		ADDED from src\main\AndroidManifest.xml:137:13-66
activity#com.hihello.app.activity.SettingPrefs
ADDED from src\main\AndroidManifest.xml:144:9-148:20
	android:label
		ADDED from src\main\AndroidManifest.xml:146:13-50
	android:theme
		ADDED from src\main\AndroidManifest.xml:147:13-69
	android:name
		ADDED from src\main\AndroidManifest.xml:145:13-50
activity#com.hihello.androidclient.preferences.AccountPrefs
ADDED from src\main\AndroidManifest.xml:149:9-150:20
	android:name
		ADDED from src\main\AndroidManifest.xml:149:19-84
service#com.hihello.androidclient.service.XMPPService
ADDED from src\main\AndroidManifest.xml:152:9-156:19
	android:name
		ADDED from src\main\AndroidManifest.xml:152:18-78
intent-filter#de.hdmstuttgart.yaxim.XMPPSERVICE
ADDED from src\main\AndroidManifest.xml:153:13-155:29
action#de.hdmstuttgart.yaxim.XMPPSERVICE
ADDED from src\main\AndroidManifest.xml:154:17-76
	android:name
		ADDED from src\main\AndroidManifest.xml:154:25-73
receiver#com.hihello.androidclient.service.YaximBroadcastReceiver
ADDED from src\main\AndroidManifest.xml:158:9-163:20
	android:name